<?xml version="1.0" encoding="UTF-8"?>
<!-- Generated by org.testng.reporters.JUnitReportReporter -->
<testsuite skipped="0" hostname="QAPLANET-PC" name="packg.Deletedid" tests="1" failures="0" timestamp="20 Dec 2019 10:31:29 GMT" time="24.157" errors="0">
  <testcase name="Tc3_1" time="24.157" classname="packg.Deletedid"/>
</testsuite> <!-- packg.Deletedid -->
