<?xml version="1.0" encoding="UTF-8"?>
<!-- Generated by org.testng.reporters.JUnitReportReporter -->
<testsuite skipped="0" hostname="QAPLANET-PC" name="packg.Searchid" tests="1" failures="0" timestamp="20 Dec 2019 10:35:27 GMT" time="36.439" errors="0">
  <testcase name="Tc3_1" time="36.439" classname="packg.Searchid"/>
</testsuite> <!-- packg.Searchid -->
