<?xml version="1.0" encoding="UTF-8"?>
<!-- Generated by org.testng.reporters.JUnitReportReporter -->
<testsuite skipped="0" hostname="QAPLANET-PC" name="packg.PIMtest" tests="2" failures="0" timestamp="20 Dec 2019 10:34:42 GMT" time="51.095" errors="0">
  <testcase name="Tc3_1" time="25.812" classname="packg.PIMtest"/>
  <testcase name="Tc3_2" time="25.283" classname="packg.PIMtest"/>
</testsuite> <!-- packg.PIMtest -->
