<?xml version="1.0" encoding="UTF-8"?>
<!-- Generated by org.testng.reporters.JUnitReportReporter -->
<testsuite skipped="0" hostname="QAPLANET-PC" name="packg.Leave" tests="5" failures="0" timestamp="20 Dec 2019 10:33:41 GMT" time="120.840" errors="0">
  <testcase name="Tc4_4" time="21.107" classname="packg.Leave"/>
  <testcase name="Tc4_1" time="26.095" classname="packg.Leave"/>
  <testcase name="Tc4_5" time="21.316" classname="packg.Leave"/>
  <testcase name="Tc4_2" time="28.180" classname="packg.Leave"/>
  <testcase name="Tc4_3" time="24.142" classname="packg.Leave"/>
</testsuite> <!-- packg.Leave -->
